<?xml version="1.0" encoding="UTF-8"?>
<!-- Generated by org.testng.reporters.JUnitReportReporter -->
<testsuite skipped="0" hostname="DESKTOP-QJOHCAS" name="com.acti.base.DriverScript" tests="1" failures="0" timestamp="2020-07-30T17:53:16 EDT" time="0.011" errors="0">
  <testcase name="DriverScript" time="0.011" classname="com.acti.base.DriverScript"/>
  <system-out/>
</testsuite> <!-- com.acti.base.DriverScript -->
